Sync Explicit (1): xdg-desktop-portal-hyprland-1.3.10-1
resolving dependencies...
looking for conflicting packages...

Package (1)                        New Version  Net Change

extra/xdg-desktop-portal-hyprland  1.3.10-1       0.68 MiB

Total Installed Size:  0.68 MiB

:: Proceed with installation? [Y/n] 
checking keyring...
checking package integrity...
loading package files...
checking for file conflicts...
checking available disk space...
:: Processing package changes...
installing xdg-desktop-portal-hyprland...
Optional dependencies for xdg-desktop-portal-hyprland
    grim: required for the screenshot portal to function [installed]
    slurp: support for interactive mode for the screenshot portal [installed]
:: Running post-transaction hooks...
(1/2) Reloading user manager configuration...
(2/2) Arming ConditionNeedsUpdate...
