Sync Explicit (1): quickshell-git-0.2.0.r3.gf7597cd-1
resolving dependencies...
looking for conflicting packages...

Package (2)                 New Version          Net Change  Download Size

extra/jemalloc              1:5.3.0-5              2.18 MiB       0.40 MiB
chaotic-aur/quickshell-git  0.2.0.r3.gf7597cd-1    4.39 MiB       1.49 MiB

Total Download Size:   1.89 MiB
Total Installed Size:  6.57 MiB

:: Proceed with installation? [Y/n] 
:: Retrieving packages...
 quickshell-git-0.2.0.r3.gf7597cd-1-x86_64 downloading...
 jemalloc-1:5.3.0-5-x86_64 downloading...
checking keyring...
checking package integrity...
loading package files...
checking for file conflicts...
checking available disk space...
:: Processing package changes...
installing jemalloc...
Optional dependencies for jemalloc
    perl: for jeprof [installed]
installing quickshell-git...

This instance of quickshell-git is built by Chaotic AUR.

To rule out problems with the build process,
please report any issues with this package at:

    https://github.com/chaotic-aur/packages/issues/3658

:: Running post-transaction hooks...
(1/3) Arming ConditionNeedsUpdate...
(2/3) Updating icon theme caches...
(3/3) Updating the desktop file MIME type cache...
