Sync Explicit (1): thunar-4.20.4-1
resolving dependencies...
looking for conflicting packages...

Package (6)         New Version  Net Change  Download Size

extra/exo           4.20.0-2       2.21 MiB       0.32 MiB
extra/libexif       0.6.25-1       2.88 MiB       0.48 MiB
extra/libxfce4ui    4.20.2-1       2.21 MiB       0.38 MiB
extra/libxfce4util  4.20.1-1       1.06 MiB       0.14 MiB
extra/xfconf        4.20.0-2       1.09 MiB       0.18 MiB
extra/thunar        4.20.4-1       9.32 MiB       1.53 MiB

Total Download Size:    3.03 MiB
Total Installed Size:  18.78 MiB

:: Proceed with installation? [Y/n] 
:: Retrieving packages...
 thunar-4.20.4-1-x86_64 downloading...
 libexif-0.6.25-1-x86_64 downloading...
 libxfce4ui-4.20.2-1-x86_64 downloading...
 exo-4.20.0-2-x86_64 downloading...
 xfconf-4.20.0-2-x86_64 downloading...
 libxfce4util-4.20.1-1-x86_64 downloading...
checking keyring...
checking package integrity...
loading package files...
checking for file conflicts...
checking available disk space...
:: Processing package changes...
installing libexif...
installing libxfce4util...
installing xfconf...
installing libxfce4ui...
installing exo...
installing thunar...
Optional dependencies for thunar
    catfish: file searching
    gvfs: trash support, mounting with udisk and remote filesystems [installed]
    tumbler: thumbnail previews
    thunar-volman: removable device management
    thunar-archive-plugin: archive creation and extraction
    thunar-media-tags-plugin: view/edit ID3/OGG tags
:: Running post-transaction hooks...
(1/5) Reloading user manager configuration...
(2/5) Arming ConditionNeedsUpdate...
(3/5) Updating GIO module cache...
(4/5) Updating icon theme caches...
(5/5) Updating the desktop file MIME type cache...
Sync Explicit (1): thunar-volman-4.20.0-2
resolving dependencies...
looking for conflicting packages...

Package (1)          New Version  Net Change  Download Size

extra/thunar-volman  4.20.0-2       0.66 MiB       0.13 MiB

Total Download Size:   0.13 MiB
Total Installed Size:  0.66 MiB

:: Proceed with installation? [Y/n] 
:: Retrieving packages...
 thunar-volman-4.20.0-2-x86_64 downloading...
checking keyring...
checking package integrity...
loading package files...
checking for file conflicts...
checking available disk space...
:: Processing package changes...
installing thunar-volman...
:: Running post-transaction hooks...
(1/3) Arming ConditionNeedsUpdate...
(2/3) Updating icon theme caches...
(3/3) Updating the desktop file MIME type cache...
Sync Explicit (1): tumbler-4.20.0-3
resolving dependencies...
looking for conflicting packages...

Package (1)    New Version  Net Change  Download Size

extra/tumbler  4.20.0-3       0.69 MiB       0.13 MiB

Total Download Size:   0.13 MiB
Total Installed Size:  0.69 MiB

:: Proceed with installation? [Y/n] 
:: Retrieving packages...
 tumbler-4.20.0-3-x86_64 downloading...
checking keyring...
checking package integrity...
loading package files...
checking for file conflicts...
checking available disk space...
:: Processing package changes...
installing tumbler...
Optional dependencies for tumbler
    ffmpegthumbnailer: video thumbnails
    poppler-glib: PDF thumbnails
    libgsf: ODF thumbnails
    libgepub: EPUB thumbnails
    libopenraw: RAW thumbnails
    freetype2: font thumbnails [installed]
:: Running post-transaction hooks...
(1/3) Reloading user manager configuration...
(2/3) Arming ConditionNeedsUpdate...
(3/3) Updating icon theme caches...
Sync Explicit (1): ffmpegthumbnailer-2.2.3-3
resolving dependencies...
looking for conflicting packages...

Package (1)              New Version  Net Change  Download Size

extra/ffmpegthumbnailer  2.2.3-3        0.27 MiB       0.09 MiB

Total Download Size:   0.09 MiB
Total Installed Size:  0.27 MiB

:: Proceed with installation? [Y/n] 
:: Retrieving packages...
 ffmpegthumbnailer-2.2.3-3-x86_64 downloading...
checking keyring...
checking package integrity...
loading package files...
checking for file conflicts...
checking available disk space...
:: Processing package changes...
installing ffmpegthumbnailer...
Optional dependencies for ffmpegthumbnailer
    gvfs: support for gio uris [installed]
:: Running post-transaction hooks...
(1/1) Arming ConditionNeedsUpdate...
Sync Explicit (1): thunar-archive-plugin-0.6.0-1
resolving dependencies...
looking for conflicting packages...

Package (1)                  New Version  Net Change  Download Size

extra/thunar-archive-plugin  0.6.0-1        0.17 MiB       0.04 MiB

Total Download Size:   0.04 MiB
Total Installed Size:  0.17 MiB

:: Proceed with installation? [Y/n] 
:: Retrieving packages...
 thunar-archive-plugin-0.6.0-1-x86_64 downloading...
checking keyring...
checking package integrity...
loading package files...
checking for file conflicts...
checking available disk space...
:: Processing package changes...
installing thunar-archive-plugin...
Optional dependencies for thunar-archive-plugin
    file-roller
    engrampa
    ark [installed]
    xarchiver
:: Running post-transaction hooks...
(1/2) Arming ConditionNeedsUpdate...
(2/2) Updating icon theme caches...
Sync Explicit (1): xarchiver-0.5.4.25-1
resolving dependencies...
looking for conflicting packages...

Package (1)      New Version  Net Change  Download Size

extra/xarchiver  0.5.4.25-1     1.51 MiB       0.50 MiB

Total Download Size:   0.50 MiB
Total Installed Size:  1.51 MiB

:: Proceed with installation? [Y/n] 
:: Retrieving packages...
 xarchiver-0.5.4.25-1-x86_64 downloading...
checking keyring...
checking package integrity...
loading package files...
checking for file conflicts...
checking available disk space...
:: Processing package changes...
installing xarchiver...
Optional dependencies for xarchiver
    arj: ARJ support
    binutils: deb support [installed]
    bzip2: bzip2 support [installed]
    cpio: RPM support
    gzip: gzip support [installed]
    lha: LHA support
    lrzip: lrzip support
    lz4: LZ4 support [installed]
    lzip: lzip support
    lzop: LZOP support
    p7zip: 7z support
    tar: tar support [installed]
    unarj: ARJ support
    unrar: RAR support
    unzip: ZIP support [installed]
    xdg-utils: recognize more file types to open [installed]
    xz: xz support [installed]
    zip: ZIP support
    zstd: zstd support [installed]
:: Running post-transaction hooks...
(1/3) Arming ConditionNeedsUpdate...
(2/3) Updating icon theme caches...
(3/3) Updating the desktop file MIME type cache...
[33m[NOTE](B[m Config for [35mgtk-3.0(B[m found, no need to copy.
[33m[NOTE](B[m Config for [33mThunar(B[m not found, copying from assets.
[33m[NOTE](B[m Config for [35mxfce4(B[m found, no need to copy.
