Sync Explicit (1): hyprland-0.50.1-1
resolving dependencies...
looking for conflicting packages...

Package (14)               New Version  Net Change

extra/aquamarine           0.9.3-1        1.26 MiB
extra/hyprcursor           0.1.13-1       0.68 MiB
extra/hyprgraphics         0.1.5-2        0.17 MiB
extra/hyprland-qt-support  0.1.0-7        0.40 MiB
extra/hyprland-qtutils     0.1.4-3        0.43 MiB
extra/hyprlang             0.6.4-1        0.27 MiB
extra/hyprwayland-scanner  0.4.5-1        0.22 MiB
extra/libliftoff           0.5.0-1        0.04 MiB
extra/pugixml              1.15-2         0.32 MiB
extra/seatd                0.9.1-1        0.11 MiB
extra/tomlplusplus         3.4.0-1        0.85 MiB
extra/wayland-protocols    1.45-1         0.93 MiB
extra/xcb-util-errors      1.0.1-2        0.04 MiB
extra/hyprland             0.50.1-1      58.41 MiB

Total Installed Size:  64.15 MiB

:: Proceed with installation? [Y/n] 
checking keyring...
checking package integrity...
loading package files...
checking for file conflicts...
checking available disk space...
:: Processing package changes...
installing pugixml...
installing hyprwayland-scanner...
installing seatd...
installing wayland-protocols...
installing aquamarine...
installing hyprlang...
installing tomlplusplus...
installing hyprcursor...
installing hyprgraphics...
installing hyprland-qt-support...
installing hyprland-qtutils...
installing libliftoff...
installing xcb-util-errors...
installing hyprland...
Optional dependencies for hyprland
    cmake: to build and install plugins using hyprpm
    cpio: to build and install plugins using hyprpm
    glaze: to build and install plugins using hyprpm
    hyprland-protocols: to build and install plugins using hyprpm
    meson: to build and install plugins using hyprpm
    uwsm: the recommended way to start Hyprland [installed]
:: Running post-transaction hooks...
(1/3) Creating system user accounts...
(2/3) Reloading system manager configuration...
(3/3) Arming ConditionNeedsUpdate...
Sync Explicit (1): hypridle-0.1.6-6
resolving dependencies...
looking for conflicting packages...

Package (2)      New Version  Net Change

extra/sdbus-cpp  2.1.0-2        0.83 MiB
extra/hypridle   0.1.6-6        0.24 MiB

Total Installed Size:  1.07 MiB

:: Proceed with installation? [Y/n] 
checking keyring...
checking package integrity...
loading package files...
checking for file conflicts...
checking available disk space...
:: Processing package changes...
installing sdbus-cpp...
installing hypridle...
:: Running post-transaction hooks...
(1/2) Reloading user manager configuration...
(2/2) Arming ConditionNeedsUpdate...
Sync Explicit (1): hyprlock-0.9.1-1
resolving dependencies...
looking for conflicting packages...

Package (1)     New Version  Net Change

extra/hyprlock  0.9.1-1        0.87 MiB

Total Installed Size:  0.87 MiB

:: Proceed with installation? [Y/n] 
checking keyring...
checking package integrity...
loading package files...
checking for file conflicts...
checking available disk space...
:: Processing package changes...
installing hyprlock...
:: Running post-transaction hooks...
(1/1) Arming ConditionNeedsUpdate...
