[34m[INFO](B[m Package aylurs-gtk-shell not installed, skipping.
[34m[INFO](B[m Package dunst not installed, skipping.
[34m[INFO](B[m Package cachyos-hyprland-settings not installed, skipping.
[34m[INFO](B[m Package mako not installed, skipping.
[34m[INFO](B[m Package rofi not installed, skipping.
[34m[INFO](B[m Package wallust-git not installed, skipping.
[34m[INFO](B[m Package rofi-lbonn-wayland not installed, skipping.
[34m[INFO](B[m Package rofi-lbonn-wayland-git not installed, skipping.
Sync Explicit (1): cliphist-1:0.6.1-1
resolving dependencies...
looking for conflicting packages...

Package (2)         New Version  Net Change  Download Size

extra/wl-clipboard  1:2.2.1-3      0.10 MiB       0.03 MiB
extra/cliphist      1:0.6.1-1      2.00 MiB       0.79 MiB

Total Download Size:   0.82 MiB
Total Installed Size:  2.10 MiB

:: Proceed with installation? [Y/n] 
:: Retrieving packages...
 cliphist-1:0.6.1-1-x86_64 downloading...
 wl-clipboard-1:2.2.1-3-x86_64 downloading...
checking keyring...
checking package integrity...
loading package files...
checking for file conflicts...
checking available disk space...
:: Processing package changes...
installing wl-clipboard...
Optional dependencies for wl-clipboard
    xdg-utils: for content type inference in wl-copy [installed]
    mailcap: for type inference in wl-paste [installed]
installing cliphist...
Optional dependencies for cliphist
    xdg-utils: image and mime inferance [installed]
:: Running post-transaction hooks...
(1/1) Arming ConditionNeedsUpdate...
Sync Explicit (1): grim-1.5.0-2
resolving dependencies...
looking for conflicting packages...

Package (1)  New Version  Net Change  Download Size

extra/grim   1.5.0-2        0.04 MiB       0.02 MiB

Total Download Size:   0.02 MiB
Total Installed Size:  0.04 MiB

:: Proceed with installation? [Y/n] 
:: Retrieving packages...
 grim-1.5.0-2-x86_64 downloading...
checking keyring...
checking package integrity...
loading package files...
checking for file conflicts...
checking available disk space...
:: Processing package changes...
installing grim...
:: Running post-transaction hooks...
(1/1) Arming ConditionNeedsUpdate...
Sync Explicit (1): hyprpolkitagent-0.1.3-1
resolving dependencies...
looking for conflicting packages...

Package (2)            New Version  Net Change

extra/hyprutils        0.8.3-1        0.31 MiB
extra/hyprpolkitagent  0.1.3-1        0.19 MiB

Total Installed Size:  0.50 MiB

:: Proceed with installation? [Y/n] 
checking keyring...
checking package integrity...
loading package files...
checking for file conflicts...
checking available disk space...
:: Processing package changes...
installing hyprutils...
installing hyprpolkitagent...
:: Running post-transaction hooks...
(1/2) Reloading user manager configuration...
(2/2) Arming ConditionNeedsUpdate...
Sync Explicit (1): imagemagick-7.1.2.2-1
resolving dependencies...
looking for conflicting packages...

Package (3)        New Version  Net Change  Download Size

extra/liblqr       0.4.3-1        0.08 MiB       0.03 MiB
extra/libraqm      0.10.3-1       0.19 MiB       0.03 MiB
extra/imagemagick  7.1.2.2-1     23.08 MiB       8.66 MiB

Total Download Size:    8.72 MiB
Total Installed Size:  23.35 MiB

:: Proceed with installation? [Y/n] 
:: Retrieving packages...
 imagemagick-7.1.2.2-1-x86_64 downloading...
 libraqm-0.10.3-1-x86_64 downloading...
 liblqr-0.4.3-1-x86_64 downloading...
checking keyring...
checking package integrity...
loading package files...
checking for file conflicts...
checking available disk space...
:: Processing package changes...
installing liblqr...
installing libraqm...
installing imagemagick...
Optional dependencies for imagemagick
    ghostscript: PS/PDF support
    jbigkit: JBIG support [installed]
    libheif: HEIF support
    libjpeg-turbo: JPEG support [installed]
    libjxl: JPEG XL support [installed]
    libraw: DNG support [installed]
    librsvg: SVG support [installed]
    libtiff: TIFF support [installed]
    libultrahdr: UHDR support
    libwebp: WEBP support [installed]
    libwmf: WMF support
    libzip: OpenRaster support [installed]
    ocl-icd: OpenCL support [installed]
    openexr: OpenEXR support [installed]
    openjpeg2: JPEG2000 support [installed]
    djvulibre: DJVU support
    pango: Text rendering [installed]
:: Running post-transaction hooks...
(1/2) Arming ConditionNeedsUpdate...
(2/2) Checking for old perl modules...
Sync Explicit (1): kitty-0.42.2-1
resolving dependencies...
looking for conflicting packages...

Package (4)                    New Version  Net Change  Download Size

extra/kitty-shell-integration  0.42.2-1       0.08 MiB       0.03 MiB
extra/kitty-terminfo           0.42.2-1       0.00 MiB       0.00 MiB
extra/librsync                 1:2.3.4-2      0.10 MiB       0.04 MiB
extra/kitty                    0.42.2-1      58.05 MiB      18.58 MiB

Total Download Size:   18.65 MiB
Total Installed Size:  58.23 MiB

:: Proceed with installation? [Y/n] 
:: Retrieving packages...
 kitty-0.42.2-1-x86_64 downloading...
 librsync-1:2.3.4-2-x86_64 downloading...
 kitty-shell-integration-0.42.2-1-x86_64 downloading...
 kitty-terminfo-0.42.2-1-x86_64 downloading...
checking keyring...
checking package integrity...
loading package files...
checking for file conflicts...
checking available disk space...
:: Processing package changes...
installing librsync...
installing kitty-terminfo...
installing kitty-shell-integration...
Optional dependencies for kitty-shell-integration
    bash: Bash completions [installed]
    zsh: ZSH completions [installed]
    fish: Fish completions
installing kitty...
Optional dependencies for kitty
    imagemagick: viewing images with icat [installed]
    python-pygments: syntax highlighting in kitty +kitten diff
    libcanberra: playing "bell" sound on terminal bell [installed]
:: Running post-transaction hooks...
(1/3) Arming ConditionNeedsUpdate...
(2/3) Updating icon theme caches...
(3/3) Updating the desktop file MIME type cache...
Sync Explicit (1): pamixer-1.6-3
resolving dependencies...
looking for conflicting packages...

Package (1)    New Version  Net Change  Download Size

extra/pamixer  1.6-3          0.25 MiB       0.09 MiB

Total Download Size:   0.09 MiB
Total Installed Size:  0.25 MiB

:: Proceed with installation? [Y/n] 
:: Retrieving packages...
 pamixer-1.6-3-x86_64 downloading...
checking keyring...
checking package integrity...
loading package files...
checking for file conflicts...
checking available disk space...
:: Processing package changes...
installing pamixer...
:: Running post-transaction hooks...
(1/1) Arming ConditionNeedsUpdate...
Sync Explicit (1): pavucontrol-1:6.1-1
resolving dependencies...
looking for conflicting packages...

Package (1)        New Version  Net Change  Download Size

extra/pavucontrol  1:6.1-1        0.90 MiB       0.19 MiB

Total Download Size:   0.19 MiB
Total Installed Size:  0.90 MiB

:: Proceed with installation? [Y/n] 
:: Retrieving packages...
 pavucontrol-1:6.1-1-x86_64 downloading...
checking keyring...
checking package integrity...
loading package files...
checking for file conflicts...
checking available disk space...
:: Processing package changes...
installing pavucontrol...
:: Running post-transaction hooks...
(1/2) Arming ConditionNeedsUpdate...
(2/2) Updating the desktop file MIME type cache...
Sync Explicit (1): playerctl-2.4.1-4
resolving dependencies...
looking for conflicting packages...

Package (1)      New Version  Net Change  Download Size

extra/playerctl  2.4.1-4        0.44 MiB       0.08 MiB

Total Download Size:   0.08 MiB
Total Installed Size:  0.44 MiB

:: Proceed with installation? [Y/n] 
:: Retrieving packages...
 playerctl-2.4.1-4-x86_64 downloading...
checking keyring...
checking package integrity...
loading package files...
checking for file conflicts...
checking available disk space...
:: Processing package changes...
installing playerctl...
:: Running post-transaction hooks...
(1/1) Arming ConditionNeedsUpdate...
Sync Explicit (1): qt5ct-1.9-1
resolving dependencies...
looking for conflicting packages...

Package (1)  New Version  Net Change  Download Size

extra/qt5ct  1.9-1          0.87 MiB       0.21 MiB

Total Download Size:   0.21 MiB
Total Installed Size:  0.87 MiB

:: Proceed with installation? [Y/n] 
:: Retrieving packages...
 qt5ct-1.9-1-x86_64 downloading...
checking keyring...
checking package integrity...
loading package files...
checking for file conflicts...
checking available disk space...
:: Processing package changes...
installing qt5ct...
:: Running post-transaction hooks...
(1/2) Arming ConditionNeedsUpdate...
(2/2) Updating the desktop file MIME type cache...
Sync Explicit (1): qt6ct-0.10-4
resolving dependencies...
looking for conflicting packages...

Package (1)  New Version  Net Change  Download Size

extra/qt6ct  0.10-4         0.67 MiB       0.17 MiB

Total Download Size:   0.17 MiB
Total Installed Size:  0.67 MiB

:: Proceed with installation? [Y/n] 
:: Retrieving packages...
 qt6ct-0.10-4-x86_64 downloading...
checking keyring...
checking package integrity...
loading package files...
checking for file conflicts...
checking available disk space...
:: Processing package changes...
installing qt6ct...
:: Running post-transaction hooks...
(1/2) Arming ConditionNeedsUpdate...
(2/2) Updating the desktop file MIME type cache...
Sync Explicit (1): rofi-wayland-1.7.9.1-1
resolving dependencies...
looking for conflicting packages...

Package (3)                 New Version  Net Change  Download Size

extra/startup-notification  0.12-9         0.06 MiB       0.02 MiB
extra/xcb-imdkit            1.0.9-1        0.60 MiB       0.32 MiB
extra/rofi-wayland          1.7.9.1-1      1.07 MiB       0.59 MiB

Total Download Size:   0.92 MiB
Total Installed Size:  1.72 MiB

:: Proceed with installation? [Y/n] 
:: Retrieving packages...
 rofi-wayland-1.7.9.1-1-x86_64 downloading...
 xcb-imdkit-1.0.9-1-x86_64 downloading...
 startup-notification-0.12-9-x86_64 downloading...
checking keyring...
checking package integrity...
loading package files...
checking for file conflicts...
checking available disk space...
:: Processing package changes...
installing startup-notification...
installing xcb-imdkit...
installing rofi-wayland...
:: Running post-transaction hooks...
(1/3) Arming ConditionNeedsUpdate...
(2/3) Updating icon theme caches...
(3/3) Updating the desktop file MIME type cache...
Sync Explicit (1): slurp-1.5.0-1
resolving dependencies...
looking for conflicting packages...

Package (1)  New Version  Net Change  Download Size

extra/slurp  1.5.0-1        0.05 MiB       0.02 MiB

Total Download Size:   0.02 MiB
Total Installed Size:  0.05 MiB

:: Proceed with installation? [Y/n] 
:: Retrieving packages...
 slurp-1.5.0-1-x86_64 downloading...
checking keyring...
checking package integrity...
loading package files...
checking for file conflicts...
checking available disk space...
:: Processing package changes...
installing slurp...
:: Running post-transaction hooks...
(1/1) Arming ConditionNeedsUpdate...
Sync Explicit (1): swappy-1.7.1-1
resolving dependencies...
looking for conflicting packages...

Package (1)   New Version  Net Change  Download Size

extra/swappy  1.7.1-1        0.12 MiB       0.03 MiB

Total Download Size:   0.03 MiB
Total Installed Size:  0.12 MiB

:: Proceed with installation? [Y/n] 
:: Retrieving packages...
 swappy-1.7.1-1-x86_64 downloading...
checking keyring...
checking package integrity...
loading package files...
checking for file conflicts...
checking available disk space...
:: Processing package changes...
installing swappy...
Optional dependencies for swappy
    wl-clipboard: copy to clipboard support [installed]
    otf-font-awesome: to draw the paint icons properly [installed]
:: Running post-transaction hooks...
(1/3) Arming ConditionNeedsUpdate...
(2/3) Updating icon theme caches...
(3/3) Updating the desktop file MIME type cache...
Sync Explicit (1): swaync-0.12.1-1
resolving dependencies...
looking for conflicting packages...

Package (4)             New Version  Net Change  Download Size

extra/granite7          7.6.0-1        0.70 MiB       0.16 MiB
extra/gtk4-layer-shell  1.2.0-1        0.29 MiB       0.05 MiB
extra/libgee            0.20.8-1       1.82 MiB       0.27 MiB
extra/swaync            0.12.1-1       0.68 MiB       0.20 MiB

Total Download Size:   0.69 MiB
Total Installed Size:  3.49 MiB

:: Proceed with installation? [Y/n] 
:: Retrieving packages...
 libgee-0.20.8-1-x86_64 downloading...
 swaync-0.12.1-1-x86_64 downloading...
 granite7-7.6.0-1-x86_64 downloading...
 gtk4-layer-shell-1.2.0-1-x86_64 downloading...
checking keyring...
checking package integrity...
loading package files...
checking for file conflicts...
checking available disk space...
:: Processing package changes...
installing gtk4-layer-shell...
installing libgee...
installing granite7...
installing swaync...
Optional dependencies for swaync
    gvfs: Get album art in MPRIS widget [installed]
:: Running post-transaction hooks...
(1/5) Reloading user manager configuration...
(2/5) Arming ConditionNeedsUpdate...
(3/5) Compiling GSettings XML schema files...
(4/5) Updating icon theme caches...
(5/5) Updating the desktop file MIME type cache...
Sync Explicit (1): swww-0.10.3-1
resolving dependencies...
looking for conflicting packages...

Package (1)  New Version  Net Change  Download Size

extra/swww   0.10.3-1       6.14 MiB       1.52 MiB

Total Download Size:   1.52 MiB
Total Installed Size:  6.14 MiB

:: Proceed with installation? [Y/n] 
:: Retrieving packages...
 swww-0.10.3-1-x86_64 downloading...
checking keyring...
checking package integrity...
loading package files...
checking for file conflicts...
checking available disk space...
:: Processing package changes...
installing swww...
:: Running post-transaction hooks...
(1/1) Arming ConditionNeedsUpdate...
Sync Explicit (1): wallust-git-3.4.0.r9.g0a0e7c0-1
resolving dependencies...
looking for conflicting packages...

Package (1)              New Version          Net Change  Download Size

chaotic-aur/wallust-git  3.4.0.r9.g0a0e7c0-1    5.41 MiB       2.12 MiB

Total Download Size:   2.12 MiB
Total Installed Size:  5.41 MiB

:: Proceed with installation? [Y/n] 
:: Retrieving packages...
 wallust-git-3.4.0.r9.g0a0e7c0-1-x86_64 downloading...
checking keyring...
checking package integrity...
loading package files...
checking for file conflicts...
checking available disk space...
:: Processing package changes...
installing wallust-git...
Optional dependencies for wallust-git
    imagemagick [installed]
:: Running post-transaction hooks...
(1/1) Arming ConditionNeedsUpdate...
Sync Explicit (1): waybar-0.14.0-1
resolving dependencies...
looking for conflicting packages...

Package (14)           New Version  Net Change  Download Size

extra/atkmm            2.28.4-1       0.54 MiB       0.10 MiB
extra/cairomm          1.14.5-1       0.40 MiB       0.09 MiB
extra/fmt              11.2.0-1       0.69 MiB       0.17 MiB
extra/glibmm           2.66.8-1       5.88 MiB       1.00 MiB
extra/gpsd             3.26.1-2       5.18 MiB       1.12 MiB
extra/gtk-layer-shell  0.9.2-1        0.38 MiB       0.07 MiB
extra/gtkmm3           3.24.10-1      9.32 MiB       1.39 MiB
extra/libmpdclient     2.23-1         0.36 MiB       0.08 MiB
extra/libsigc++        2.12.1-1       1.14 MiB       0.07 MiB
extra/pangomm          2.46.4-1       0.49 MiB       0.10 MiB
extra/pps-tools        1.0.3-2        0.06 MiB       0.01 MiB
extra/sndio            1.10.0-1       0.28 MiB       0.12 MiB
extra/spdlog           1.15.3-1       0.68 MiB       0.16 MiB
extra/waybar           0.14.0-1       2.25 MiB       0.85 MiB

Total Download Size:    5.33 MiB
Total Installed Size:  27.66 MiB

:: Proceed with installation? [Y/n] 
:: Retrieving packages...
 gtkmm3-3.24.10-1-x86_64 downloading...
 gpsd-3.26.1-2-x86_64 downloading...
 glibmm-2.66.8-1-x86_64 downloading...
 waybar-0.14.0-1-x86_64 downloading...
 fmt-11.2.0-1-x86_64 downloading...
 spdlog-1.15.3-1-x86_64 downloading...
 sndio-1.10.0-1-x86_64 downloading...
 atkmm-2.28.4-1-x86_64 downloading...
 pangomm-2.46.4-1-x86_64 downloading...
 cairomm-1.14.5-1-x86_64 downloading...
 libmpdclient-2.23-1-x86_64 downloading...
 gtk-layer-shell-0.9.2-1-x86_64 downloading...
 libsigc++-2.12.1-1-x86_64 downloading...
 pps-tools-1.0.3-2-x86_64 downloading...
checking keyring...
checking package integrity...
loading package files...
checking for file conflicts...
checking available disk space...
:: Processing package changes...
installing libsigc++...
installing glibmm...
installing atkmm...
installing cairomm...
installing fmt...
installing pps-tools...
installing gpsd...
Optional dependencies for gpsd
    gtk3: GUI frontends [installed]
    php: generate a PHP status page for your GPS
    php-gd: image support for the PHP status page
    python-cairo: GUI frontends [installed]
    python-gobject: GUI frontends [installed]
    python-pyserial: GUI frontends
    qt5-base: for Qgpsmm [installed]
installing gtk-layer-shell...
installing pangomm...
installing gtkmm3...
installing libmpdclient...
installing sndio...
installing spdlog...
installing waybar...
Optional dependencies for waybar
    otf-font-awesome: Icons in the default configuration [installed]
:: Running post-transaction hooks...
(1/5) Reloading system manager configuration...
(2/5) Reloading user manager configuration...
(3/5) Reloading device manager configuration...
(4/5) Arming ConditionNeedsUpdate...
(5/5) Updating the desktop file MIME type cache...
Sync Explicit (1): wlogout-1.2.2-0.3
resolving dependencies...
looking for conflicting packages...

Package (15)                     New Version  Net Change  Download Size

extra/gobject-introspection      1.84.0-2       3.05 MiB       0.50 MiB
extra/python-autocommand         2.2.2-7        0.08 MiB       0.02 MiB
extra/python-jaraco.collections  5.1.0-1        0.10 MiB       0.02 MiB
extra/python-jaraco.context      6.0.1-1        0.04 MiB       0.01 MiB
extra/python-jaraco.functools    4.1.0-1        0.07 MiB       0.02 MiB
extra/python-jaraco.text         4.0.0-2        0.08 MiB       0.02 MiB
extra/python-mako                1.3.10-1       0.96 MiB       0.17 MiB
extra/python-markdown            3.8.2-1        1.01 MiB       0.18 MiB
extra/python-markupsafe          3.0.2-1        0.08 MiB       0.02 MiB
extra/python-more-itertools      10.7.0-1       0.67 MiB       0.11 MiB
extra/python-packaging           25.0-1         0.67 MiB       0.13 MiB
extra/python-platformdirs        4.4.0-1        0.24 MiB       0.03 MiB
extra/python-setuptools          1:80.9.0-1     7.65 MiB       1.19 MiB
extra/python-wheel               0.45.1-1       0.28 MiB       0.07 MiB
chaotic-aur/wlogout              1.2.2-0.3      0.12 MiB               

Total Download Size:    2.49 MiB
Total Installed Size:  15.11 MiB

:: Proceed with installation? [Y/n] 
:: Retrieving packages...
 python-setuptools-1:80.9.0-1-any downloading...
 gobject-introspection-1.84.0-2-x86_64 downloading...
 python-markdown-3.8.2-1-any downloading...
 python-mako-1.3.10-1-any downloading...
 python-packaging-25.0-1-any downloading...
 python-more-itertools-10.7.0-1-any downloading...
 python-wheel-0.45.1-1-any downloading...
 python-platformdirs-4.4.0-1-any downloading...
 python-autocommand-2.2.2-7-any downloading...
 python-jaraco.collections-5.1.0-1-any downloading...
 python-jaraco.text-4.0.0-2-any downloading...
 python-markupsafe-3.0.2-1-x86_64 downloading...
 python-jaraco.functools-4.1.0-1-any downloading...
 python-jaraco.context-6.0.1-1-any downloading...
checking keyring...
checking package integrity...
loading package files...
checking for file conflicts...
checking available disk space...
:: Processing package changes...
installing python-markupsafe...
installing python-mako...
Optional dependencies for python-mako
    python-babel: for i18n features
    python-beaker: for caching support
    python-dogpile.cache: for caching support
    python-pygments: for syntax highlighting
    python-pytest: for testing utilities
installing python-markdown...
Optional dependencies for python-markdown
    python-yaml: parse Python in YAML metadata [installed]
installing python-more-itertools...
installing python-jaraco.functools...
installing python-jaraco.context...
installing python-autocommand...
installing python-jaraco.text...
Optional dependencies for python-jaraco.text
    python-inflect: for show-newlines script
installing python-jaraco.collections...
installing python-packaging...
installing python-platformdirs...
installing python-wheel...
Optional dependencies for python-wheel
    python-keyring: for wheel.signatures
    python-xdg: for wheel.signatures [installed]
    python-setuptools: for legacy bdist_wheel subcommand [pending]
installing python-setuptools...
installing gobject-introspection...
installing wlogout...
:: Running post-transaction hooks...
(1/1) Arming ConditionNeedsUpdate...
Sync Explicit (1): yad-14.1-2
resolving dependencies...
looking for conflicting packages...

Package (9)           New Version                Net Change  Download Size

extra/enchant         2.8.12-1                     0.27 MiB       0.07 MiB
extra/gspell          1.14.0-2                     0.44 MiB       0.10 MiB
extra/gtksourceview3  1:3.24.11+r30+gd880929f-1    3.91 MiB       0.59 MiB
extra/libavif         1.3.0-1                      0.76 MiB       0.27 MiB
extra/libmanette      0.2.12-1                     0.38 MiB       0.05 MiB
extra/libyuv          r2426+464c51a03-1            1.82 MiB       0.30 MiB
extra/webkit2gtk-4.1  2.48.5-1                   126.23 MiB      33.51 MiB
extra/woff2           1.0.2-6                      0.17 MiB       0.06 MiB
extra/yad             14.1-2                       0.62 MiB       0.20 MiB

Total Download Size:    35.15 MiB
Total Installed Size:  134.61 MiB

:: Proceed with installation? [Y/n] 
:: Retrieving packages...
 webkit2gtk-4.1-2.48.5-1-x86_64 downloading...
 gtksourceview3-1:3.24.11+r30+gd880929f-1-x86_64 downloading...
 libyuv-r2426+464c51a03-1-x86_64 downloading...
 libavif-1.3.0-1-x86_64 downloading...
 yad-14.1-2-x86_64 downloading...
 gspell-1.14.0-2-x86_64 downloading...
 enchant-2.8.12-1-x86_64 downloading...
 woff2-1.0.2-6-x86_64 downloading...
 libmanette-0.2.12-1-x86_64 downloading...
checking keyring...
checking package integrity...
loading package files...
checking for file conflicts...
checking available disk space...
:: Processing package changes...
installing enchant...
Optional dependencies for enchant
    aspell: for aspell based spell checking support
    hspell: for hspell based spell checking support
    hunspell: for hunspell based spell checking support [installed]
    libvoikko: for libvoikko based spell checking support
    nuspell: for nuspell based spell checking support
installing libyuv...
installing libavif...
installing libmanette...
installing woff2...
installing webkit2gtk-4.1...
Optional dependencies for webkit2gtk-4.1
    geoclue: Geolocation support
    gst-libav: nonfree media decoding
    gst-plugins-bad: media decoding
    gst-plugins-good: media decoding
installing gtksourceview3...
installing gspell...
installing yad...
:: Running post-transaction hooks...
(1/5) Arming ConditionNeedsUpdate...
(2/5) Probing GDK-Pixbuf loader modules...
(3/5) Compiling GSettings XML schema files...
(4/5) Updating icon theme caches...
(5/5) Updating the desktop file MIME type cache...
Sync Explicit (1): brightnessctl-0.5.1-3
resolving dependencies...
looking for conflicting packages...

Package (1)          New Version  Net Change  Download Size

extra/brightnessctl  0.5.1-3        0.03 MiB       0.01 MiB

Total Download Size:   0.01 MiB
Total Installed Size:  0.03 MiB

:: Proceed with installation? [Y/n] 
:: Retrieving packages...
 brightnessctl-0.5.1-3-x86_64 downloading...
checking keyring...
checking package integrity...
loading package files...
checking for file conflicts...
checking available disk space...
:: Processing package changes...
installing brightnessctl...
:: Running post-transaction hooks...
(1/1) Arming ConditionNeedsUpdate...
Sync Explicit (1): btop-1.4.4-1
resolving dependencies...
looking for conflicting packages...

Package (1)  New Version  Net Change  Download Size

extra/btop   1.4.4-1        1.59 MiB       0.54 MiB

Total Download Size:   0.54 MiB
Total Installed Size:  1.59 MiB

:: Proceed with installation? [Y/n] 
:: Retrieving packages...
 btop-1.4.4-1-x86_64 downloading...
checking keyring...
checking package integrity...
loading package files...
checking for file conflicts...
checking available disk space...
:: Processing package changes...
installing btop...
Optional dependencies for btop
    rocm-smi-lib: AMD GPU support
:: Running post-transaction hooks...
(1/3) Arming ConditionNeedsUpdate...
(2/3) Updating icon theme caches...
(3/3) Updating the desktop file MIME type cache...
Sync Explicit (1): cava-0.10.4-3
resolving dependencies...
looking for conflicting packages...

Package (2)      New Version  Net Change  Download Size

extra/iniparser  4.2.6-2        0.05 MiB       0.02 MiB
extra/cava       0.10.4-3       0.18 MiB       0.06 MiB

Total Download Size:   0.08 MiB
Total Installed Size:  0.23 MiB

:: Proceed with installation? [Y/n] 
:: Retrieving packages...
 cava-0.10.4-3-x86_64 downloading...
 iniparser-4.2.6-2-x86_64 downloading...
checking keyring...
checking package integrity...
loading package files...
checking for file conflicts...
checking available disk space...
:: Processing package changes...
installing iniparser...
installing cava...
:: Running post-transaction hooks...
(1/1) Arming ConditionNeedsUpdate...
Sync Explicit (1): mousepad-0.6.5-1
resolving dependencies...
looking for conflicting packages...

Package (2)           New Version  Net Change  Download Size

extra/gtksourceview4  4.8.4-2        7.39 MiB       0.95 MiB
extra/mousepad        0.6.5-1        2.10 MiB       0.43 MiB

Total Download Size:   1.38 MiB
Total Installed Size:  9.48 MiB

:: Proceed with installation? [Y/n] 
:: Retrieving packages...
 gtksourceview4-4.8.4-2-x86_64 downloading...
 mousepad-0.6.5-1-x86_64 downloading...
checking keyring...
checking package integrity...
loading package files...
checking for file conflicts...
checking available disk space...
:: Processing package changes...
installing gtksourceview4...
installing mousepad...
Optional dependencies for mousepad
    gspell: spell checking plugin [installed]
    libxfce4ui: shortcuts editor plugin
:: Running post-transaction hooks...
(1/4) Arming ConditionNeedsUpdate...
(2/4) Compiling GSettings XML schema files...
(3/4) Updating icon theme caches...
(4/4) Updating the desktop file MIME type cache...
Sync Explicit (1): mpv-1:0.40.0-5
resolving dependencies...
looking for conflicting packages...

Package (7)        New Version       Net Change  Download Size

extra/libsixel     1.10.5-1            0.40 MiB       0.12 MiB
extra/libxpresent  1.0.1-2             0.03 MiB       0.02 MiB
extra/luajit       2.1.1753364724-1    0.80 MiB       0.32 MiB
extra/mujs         1.3.7-1             1.11 MiB       0.29 MiB
extra/openal       1.24.3-1            2.36 MiB       0.81 MiB
extra/uchardet     0.0.8-3             0.20 MiB       0.08 MiB
extra/mpv          1:0.40.0-5          6.04 MiB       1.55 MiB

Total Download Size:    3.18 MiB
Total Installed Size:  10.94 MiB

:: Proceed with installation? [Y/n] 
:: Retrieving packages...
 mpv-1:0.40.0-5-x86_64 downloading...
 openal-1.24.3-1-x86_64 downloading...
 luajit-2.1.1753364724-1-x86_64 downloading...
 mujs-1.3.7-1-x86_64 downloading...
 libsixel-1.10.5-1-x86_64 downloading...
 uchardet-0.0.8-3-x86_64 downloading...
 libxpresent-1.0.1-2-x86_64 downloading...
checking keyring...
checking package integrity...
loading package files...
checking for file conflicts...
checking available disk space...
:: Processing package changes...
installing libsixel...
installing libxpresent...
installing luajit...
installing mujs...
installing openal...
Optional dependencies for openal
    qt5-base: alsoft-config GUI Configurator [installed]
    fluidsynth: MIDI rendering
    libmysofa: makemhr tool [installed]
installing uchardet...
installing mpv...
Optional dependencies for mpv
    yt-dlp: for video-sharing websites playback
:: Running post-transaction hooks...
(1/3) Arming ConditionNeedsUpdate...
(2/3) Updating icon theme caches...
(3/3) Updating the desktop file MIME type cache...
Sync Explicit (1): mpv-mpris-1.1-3
resolving dependencies...
looking for conflicting packages...

Package (1)      New Version  Net Change  Download Size

extra/mpv-mpris  1.1-3          0.03 MiB       0.01 MiB

Total Download Size:   0.01 MiB
Total Installed Size:  0.03 MiB

:: Proceed with installation? [Y/n] 
:: Retrieving packages...
 mpv-mpris-1.1-3-x86_64 downloading...
checking keyring...
checking package integrity...
loading package files...
checking for file conflicts...
checking available disk space...
:: Processing package changes...
installing mpv-mpris...
:: Running post-transaction hooks...
(1/1) Arming ConditionNeedsUpdate...
Sync Explicit (1): nvtop-3.2.0-1
resolving dependencies...
looking for conflicting packages...

Package (1)  New Version  Net Change  Download Size

extra/nvtop  3.2.0-1        0.17 MiB       0.07 MiB

Total Download Size:   0.07 MiB
Total Installed Size:  0.17 MiB

:: Proceed with installation? [Y/n] 
:: Retrieving packages...
 nvtop-3.2.0-1-x86_64 downloading...
checking keyring...
checking package integrity...
loading package files...
checking for file conflicts...
checking available disk space...
:: Processing package changes...
installing nvtop...
:: Running post-transaction hooks...
(1/2) Arming ConditionNeedsUpdate...
(2/2) Updating the desktop file MIME type cache...
Sync Explicit (1): nwg-look-1.0.6-1
resolving dependencies...
looking for conflicting packages...

Package (2)     New Version  Net Change  Download Size

extra/xcur2png  0.7.1-8        0.02 MiB       0.01 MiB
extra/nwg-look  1.0.6-1        4.35 MiB       1.23 MiB

Total Download Size:   1.24 MiB
Total Installed Size:  4.37 MiB

:: Proceed with installation? [Y/n] 
:: Retrieving packages...
 nwg-look-1.0.6-1-x86_64 downloading...
 xcur2png-0.7.1-8-x86_64 downloading...
checking keyring...
checking package integrity...
loading package files...
checking for file conflicts...
checking available disk space...
:: Processing package changes...
installing xcur2png...
installing nwg-look...
:: Running post-transaction hooks...
(1/2) Arming ConditionNeedsUpdate...
(2/2) Updating the desktop file MIME type cache...
Sync Explicit (1): nwg-displays-0.3.25-1
resolving dependencies...
looking for conflicting packages...

Package (4)         New Version  Net Change

extra/python-i3ipc  2.2.1-8        0.34 MiB
extra/python-six    1.17.0-1       0.12 MiB
extra/python-xlib   0.33-4         2.04 MiB
extra/nwg-displays  0.3.25-1       0.28 MiB

Total Installed Size:  2.77 MiB

:: Proceed with installation? [Y/n] 
checking keyring...
checking package integrity...
loading package files...
checking for file conflicts...
checking available disk space...
:: Processing package changes...
installing python-six...
installing python-xlib...
installing python-i3ipc...
installing nwg-displays...
:: Running post-transaction hooks...
(1/2) Arming ConditionNeedsUpdate...
(2/2) Updating the desktop file MIME type cache...
Sync Explicit (1): qalculate-gtk-5.7.0-1
resolving dependencies...
looking for conflicting packages...

Package (1)          New Version  Net Change  Download Size

extra/qalculate-gtk  5.7.0-1        6.73 MiB       2.58 MiB

Total Download Size:   2.58 MiB
Total Installed Size:  6.73 MiB

:: Proceed with installation? [Y/n] 
:: Retrieving packages...
 qalculate-gtk-5.7.0-1-x86_64 downloading...
checking keyring...
checking package integrity...
loading package files...
checking for file conflicts...
checking available disk space...
:: Processing package changes...
installing qalculate-gtk...
:: Running post-transaction hooks...
(1/3) Arming ConditionNeedsUpdate...
(2/3) Updating icon theme caches...
(3/3) Updating the desktop file MIME type cache...
Sync Explicit (1): yt-dlp-2025.08.27-1
resolving dependencies...
looking for conflicting packages...

Package (1)   New Version   Net Change  Download Size

extra/yt-dlp  2025.08.27-1   31.46 MiB       4.94 MiB

Total Download Size:    4.94 MiB
Total Installed Size:  31.46 MiB

:: Proceed with installation? [Y/n] 
:: Retrieving packages...
 yt-dlp-2025.08.27-1-any downloading...
checking keyring...
checking package integrity...
loading package files...
checking for file conflicts...
checking available disk space...
:: Processing package changes...
installing yt-dlp...
Optional dependencies for yt-dlp
    ffmpeg: for video post-processing [installed]
    rtmpdump: for rtmp streams support
    atomicparsley: for embedding thumbnails into m4a files
    aria2: for using aria2 as external downloader
    python-mutagen: for embedding thumbnail in certain formats
    python-pycryptodome: for decrypting AES-128 HLS streams and various other data
    python-pycryptodomex: for decrypting AES-128 HLS streams and various other data
    python-websockets: for downloading over websocket
    python-brotli: brotli content encoding support
    python-brotlicffi: brotli content encoding support
    python-xattr: for writing xattr metadata
    python-pyxattr: for writing xattr metadata (alternative option)
    phantomjs: for extractors with javascript code
    python-secretstorage: For -cookies-from-browser to access the GNOME keyring while decrypting cookies of Chromium-based browsers
:: Running post-transaction hooks...
(1/1) Arming ConditionNeedsUpdate...
