[34m[INFO](B[m Package aylurs-gtk-shell not installed, skipping.
[34m[INFO](B[m Package dunst not installed, skipping.
[34m[INFO](B[m Package cachyos-hyprland-settings not installed, skipping.
[34m[INFO](B[m Package mako not installed, skipping.
[33m[NOTE](B[m removing rofi ...
error: target not found: rofi
[34m[INFO](B[m Package wallust-git not installed, skipping.
[34m[INFO](B[m Package rofi-lbonn-wayland not installed, skipping.
[34m[INFO](B[m Package rofi-lbonn-wayland-git not installed, skipping.
Sync Explicit (1): hyprpolkitagent-0.1.3-1
resolving dependencies...
looking for conflicting packages...

Package (2)            New Version  Net Change

extra/hyprutils        0.8.3-1        0.31 MiB
extra/hyprpolkitagent  0.1.3-1        0.19 MiB

Total Installed Size:  0.50 MiB

:: Proceed with installation? [Y/n] 
checking keyring...
checking package integrity...
loading package files...
checking for file conflicts...
checking available disk space...
:: Processing package changes...
installing hyprutils...
installing hyprpolkitagent...
:: Running post-transaction hooks...
(1/2) Reloading user manager configuration...
(2/2) Arming ConditionNeedsUpdate...
Sync Explicit (1): nwg-displays-0.3.25-1
resolving dependencies...
looking for conflicting packages...

Package (4)         New Version  Net Change

extra/python-i3ipc  2.2.1-8        0.34 MiB
extra/python-six    1.17.0-1       0.12 MiB
extra/python-xlib   0.33-4         2.04 MiB
extra/nwg-displays  0.3.25-1       0.28 MiB

Total Installed Size:  2.77 MiB

:: Proceed with installation? [Y/n] 
checking keyring...
checking package integrity...
loading package files...
checking for file conflicts...
checking available disk space...
:: Processing package changes...
installing python-six...
installing python-xlib...
installing python-i3ipc...
installing nwg-displays...
:: Running post-transaction hooks...
(1/2) Arming ConditionNeedsUpdate...
(2/2) Updating the desktop file MIME type cache...
